<?xml version="1.0" encoding="UTF-8"?>
<testng-results skipped="0" failed="0" ignored="0" total="23" passed="23">
  <reporter-output>
  </reporter-output>
  <suite name="EmployeeRESTAPISuite" duration-ms="14589" started-at="2020-02-18T17:32:56Z" finished-at="2020-02-18T17:33:11Z">
    <groups>
    </groups>
    <test name="employeeRestAPITest" duration-ms="14589" started-at="2020-02-18T17:32:56Z" finished-at="2020-02-18T17:33:11Z">
      <class name="com.api.testcase.TC003_POST_Employee_Record">
        <test-method status="PASS" signature="setUp()[pri:0, instance:com.api.testcase.TC003_POST_Employee_Record@2cb4c3ab]" name="setUp" is-config="true" duration-ms="10" started-at="2020-02-18T17:32:59Z" finished-at="2020-02-18T17:32:59Z">
          <reporter-output>
          </reporter-output>
        </test-method> <!-- setUp -->
        <test-method status="PASS" signature="createEmployee()[pri:0, instance:com.api.testcase.TC003_POST_Employee_Record@2cb4c3ab]" name="createEmployee" is-config="true" duration-ms="6059" started-at="2020-02-18T17:32:59Z" finished-at="2020-02-18T17:33:05Z">
          <reporter-output>
          </reporter-output>
        </test-method> <!-- createEmployee -->
        <test-method status="PASS" signature="checkContentLength()[pri:0, instance:com.api.testcase.TC003_POST_Employee_Record@2cb4c3ab]" name="checkContentLength" duration-ms="5" started-at="2020-02-18T17:33:05Z" finished-at="2020-02-18T17:33:05Z">
          <reporter-output>
          </reporter-output>
        </test-method> <!-- checkContentLength -->
        <test-method status="PASS" signature="checkContentType()[pri:0, instance:com.api.testcase.TC003_POST_Employee_Record@2cb4c3ab]" name="checkContentType" duration-ms="5" started-at="2020-02-18T17:33:05Z" finished-at="2020-02-18T17:33:05Z">
          <reporter-output>
          </reporter-output>
        </test-method> <!-- checkContentType -->
        <test-method status="PASS" signature="checkResponseBody()[pri:0, instance:com.api.testcase.TC003_POST_Employee_Record@2cb4c3ab]" name="checkResponseBody" duration-ms="1" started-at="2020-02-18T17:33:05Z" finished-at="2020-02-18T17:33:05Z">
          <reporter-output>
          </reporter-output>
        </test-method> <!-- checkResponseBody -->
        <test-method status="PASS" signature="checkResponseTime()[pri:0, instance:com.api.testcase.TC003_POST_Employee_Record@2cb4c3ab]" name="checkResponseTime" duration-ms="2" started-at="2020-02-18T17:33:05Z" finished-at="2020-02-18T17:33:05Z">
          <reporter-output>
          </reporter-output>
        </test-method> <!-- checkResponseTime -->
        <test-method status="PASS" signature="checkServerType()[pri:0, instance:com.api.testcase.TC003_POST_Employee_Record@2cb4c3ab]" name="checkServerType" duration-ms="4" started-at="2020-02-18T17:33:05Z" finished-at="2020-02-18T17:33:05Z">
          <reporter-output>
          </reporter-output>
        </test-method> <!-- checkServerType -->
        <test-method status="PASS" signature="checkStatusCode()[pri:0, instance:com.api.testcase.TC003_POST_Employee_Record@2cb4c3ab]" name="checkStatusCode" duration-ms="3" started-at="2020-02-18T17:33:05Z" finished-at="2020-02-18T17:33:05Z">
          <reporter-output>
          </reporter-output>
        </test-method> <!-- checkStatusCode -->
        <test-method status="PASS" signature="checkStatusLine()[pri:0, instance:com.api.testcase.TC003_POST_Employee_Record@2cb4c3ab]" name="checkStatusLine" duration-ms="17" started-at="2020-02-18T17:33:05Z" finished-at="2020-02-18T17:33:05Z">
          <reporter-output>
          </reporter-output>
        </test-method> <!-- checkStatusLine -->
        <test-method status="PASS" signature="tearDown()[pri:0, instance:com.api.testcase.TC003_POST_Employee_Record@2cb4c3ab]" name="tearDown" is-config="true" duration-ms="1" started-at="2020-02-18T17:33:05Z" finished-at="2020-02-18T17:33:05Z">
          <reporter-output>
          </reporter-output>
        </test-method> <!-- tearDown -->
      </class> <!-- com.api.testcase.TC003_POST_Employee_Record -->
      <class name="com.api.testcase.TC004_PUT_Employee_Record">
        <test-method status="PASS" signature="setUp()[pri:0, instance:com.api.testcase.TC004_PUT_Employee_Record@13c78c0b]" name="setUp" is-config="true" duration-ms="3" started-at="2020-02-18T17:33:05Z" finished-at="2020-02-18T17:33:05Z">
          <reporter-output>
          </reporter-output>
        </test-method> <!-- setUp -->
        <test-method status="PASS" signature="createEmployee()[pri:0, instance:com.api.testcase.TC004_PUT_Employee_Record@13c78c0b]" name="createEmployee" is-config="true" duration-ms="5957" started-at="2020-02-18T17:33:05Z" finished-at="2020-02-18T17:33:11Z">
          <reporter-output>
          </reporter-output>
        </test-method> <!-- createEmployee -->
        <test-method status="PASS" signature="checkContentLength()[pri:0, instance:com.api.testcase.TC004_PUT_Employee_Record@13c78c0b]" name="checkContentLength" duration-ms="5" started-at="2020-02-18T17:33:11Z" finished-at="2020-02-18T17:33:11Z">
          <reporter-output>
          </reporter-output>
        </test-method> <!-- checkContentLength -->
        <test-method status="PASS" signature="checkContentType()[pri:0, instance:com.api.testcase.TC004_PUT_Employee_Record@13c78c0b]" name="checkContentType" duration-ms="6" started-at="2020-02-18T17:33:11Z" finished-at="2020-02-18T17:33:11Z">
          <reporter-output>
          </reporter-output>
        </test-method> <!-- checkContentType -->
        <test-method status="PASS" signature="checkResponseBody()[pri:0, instance:com.api.testcase.TC004_PUT_Employee_Record@13c78c0b]" name="checkResponseBody" duration-ms="4" started-at="2020-02-18T17:33:11Z" finished-at="2020-02-18T17:33:11Z">
          <reporter-output>
          </reporter-output>
        </test-method> <!-- checkResponseBody -->
        <test-method status="PASS" signature="checkResponseTime()[pri:0, instance:com.api.testcase.TC004_PUT_Employee_Record@13c78c0b]" name="checkResponseTime" duration-ms="3" started-at="2020-02-18T17:33:11Z" finished-at="2020-02-18T17:33:11Z">
          <reporter-output>
          </reporter-output>
        </test-method> <!-- checkResponseTime -->
        <test-method status="PASS" signature="checkServerType()[pri:0, instance:com.api.testcase.TC004_PUT_Employee_Record@13c78c0b]" name="checkServerType" duration-ms="2" started-at="2020-02-18T17:33:11Z" finished-at="2020-02-18T17:33:11Z">
          <reporter-output>
          </reporter-output>
        </test-method> <!-- checkServerType -->
        <test-method status="PASS" signature="checkStatusCode()[pri:0, instance:com.api.testcase.TC004_PUT_Employee_Record@13c78c0b]" name="checkStatusCode" duration-ms="2" started-at="2020-02-18T17:33:11Z" finished-at="2020-02-18T17:33:11Z">
          <reporter-output>
          </reporter-output>
        </test-method> <!-- checkStatusCode -->
        <test-method status="PASS" signature="checkStatusLine()[pri:0, instance:com.api.testcase.TC004_PUT_Employee_Record@13c78c0b]" name="checkStatusLine" duration-ms="2" started-at="2020-02-18T17:33:11Z" finished-at="2020-02-18T17:33:11Z">
          <reporter-output>
          </reporter-output>
        </test-method> <!-- checkStatusLine -->
        <test-method status="PASS" signature="tearDown()[pri:0, instance:com.api.testcase.TC004_PUT_Employee_Record@13c78c0b]" name="tearDown" is-config="true" duration-ms="1" started-at="2020-02-18T17:33:11Z" finished-at="2020-02-18T17:33:11Z">
          <reporter-output>
          </reporter-output>
        </test-method> <!-- tearDown -->
      </class> <!-- com.api.testcase.TC004_PUT_Employee_Record -->
      <class name="com.api.testcase.TC001_Get_All_Employees">
        <test-method status="PASS" signature="setUp()[pri:0, instance:com.api.testcase.TC001_Get_All_Employees@50f8360d]" name="setUp" is-config="true" duration-ms="80" started-at="2020-02-18T17:32:56Z" finished-at="2020-02-18T17:32:56Z">
          <reporter-output>
          </reporter-output>
        </test-method> <!-- setUp -->
        <test-method status="PASS" signature="getAllEmployees()[pri:0, instance:com.api.testcase.TC001_Get_All_Employees@50f8360d]" name="getAllEmployees" is-config="true" duration-ms="2172" started-at="2020-02-18T17:32:56Z" finished-at="2020-02-18T17:32:58Z">
          <reporter-output>
          </reporter-output>
        </test-method> <!-- getAllEmployees -->
        <test-method status="PASS" signature="checkContentEncoding()[pri:0, instance:com.api.testcase.TC001_Get_All_Employees@50f8360d]" name="checkContentEncoding" duration-ms="6" started-at="2020-02-18T17:32:58Z" finished-at="2020-02-18T17:32:58Z">
          <reporter-output>
          </reporter-output>
        </test-method> <!-- checkContentEncoding -->
        <test-method status="PASS" signature="checkContentLength()[pri:0, instance:com.api.testcase.TC001_Get_All_Employees@50f8360d]" name="checkContentLength" duration-ms="2" started-at="2020-02-18T17:32:58Z" finished-at="2020-02-18T17:32:58Z">
          <reporter-output>
          </reporter-output>
        </test-method> <!-- checkContentLength -->
        <test-method status="PASS" signature="checkContentType()[pri:0, instance:com.api.testcase.TC001_Get_All_Employees@50f8360d]" name="checkContentType" duration-ms="2" started-at="2020-02-18T17:32:58Z" finished-at="2020-02-18T17:32:58Z">
          <reporter-output>
          </reporter-output>
        </test-method> <!-- checkContentType -->
        <test-method status="PASS" signature="checkCookies()[pri:0, instance:com.api.testcase.TC001_Get_All_Employees@50f8360d]" name="checkCookies" duration-ms="2" started-at="2020-02-18T17:32:58Z" finished-at="2020-02-18T17:32:58Z">
          <reporter-output>
          </reporter-output>
        </test-method> <!-- checkCookies -->
        <test-method status="PASS" signature="checkResponseBody()[pri:0, instance:com.api.testcase.TC001_Get_All_Employees@50f8360d]" name="checkResponseBody" duration-ms="148" started-at="2020-02-18T17:32:59Z" finished-at="2020-02-18T17:32:59Z">
          <reporter-output>
          </reporter-output>
        </test-method> <!-- checkResponseBody -->
        <test-method status="PASS" signature="checkResponseTime()[pri:0, instance:com.api.testcase.TC001_Get_All_Employees@50f8360d]" name="checkResponseTime" duration-ms="2" started-at="2020-02-18T17:32:59Z" finished-at="2020-02-18T17:32:59Z">
          <reporter-output>
          </reporter-output>
        </test-method> <!-- checkResponseTime -->
        <test-method status="PASS" signature="checkServerType()[pri:0, instance:com.api.testcase.TC001_Get_All_Employees@50f8360d]" name="checkServerType" duration-ms="2" started-at="2020-02-18T17:32:59Z" finished-at="2020-02-18T17:32:59Z">
          <reporter-output>
          </reporter-output>
        </test-method> <!-- checkServerType -->
        <test-method status="PASS" signature="checkStatusCode()[pri:0, instance:com.api.testcase.TC001_Get_All_Employees@50f8360d]" name="checkStatusCode" duration-ms="1" started-at="2020-02-18T17:32:59Z" finished-at="2020-02-18T17:32:59Z">
          <reporter-output>
          </reporter-output>
        </test-method> <!-- checkStatusCode -->
        <test-method status="PASS" signature="checkStatusLine()[pri:0, instance:com.api.testcase.TC001_Get_All_Employees@50f8360d]" name="checkStatusLine" duration-ms="2" started-at="2020-02-18T17:32:59Z" finished-at="2020-02-18T17:32:59Z">
          <reporter-output>
          </reporter-output>
        </test-method> <!-- checkStatusLine -->
        <test-method status="PASS" signature="tearDown()[pri:0, instance:com.api.testcase.TC001_Get_All_Employees@50f8360d]" name="tearDown" is-config="true" duration-ms="1" started-at="2020-02-18T17:32:59Z" finished-at="2020-02-18T17:32:59Z">
          <reporter-output>
          </reporter-output>
        </test-method> <!-- tearDown -->
      </class> <!-- com.api.testcase.TC001_Get_All_Employees -->
    </test> <!-- employeeRestAPITest -->
  </suite> <!-- EmployeeRESTAPISuite -->
</testng-results>
