<?xml version="1.0" encoding="UTF-8"?>
<testsuite xmlns:xsi="http://www.w3.org/2001/XMLSchema-instance" xsi:noNamespaceSchemaLocation="https://maven.apache.org/surefire/maven-surefire-plugin/xsd/surefire-test-report.xsd" name="TestSuite" time="15.595" tests="23" errors="0" skipped="0" failures="0">
  <properties>
[...]
</properties>
  <testcase name="checkContentEncoding" classname="com.api.testcase.TC001_Get_All_Employees" time="0.007"/>
  <testcase name="checkContentLength" classname="com.api.testcase.TC001_Get_All_Employees" time="0.003"/>
  <testcase name="checkContentType" classname="com.api.testcase.TC001_Get_All_Employees" time="0.002"/>
  <testcase name="checkCookies" classname="com.api.testcase.TC001_Get_All_Employees" time="0.002"/>
  <testcase name="checkResponseBody" classname="com.api.testcase.TC001_Get_All_Employees" time="0.174"/>
  <testcase name="checkResponseTime" classname="com.api.testcase.TC001_Get_All_Employees" time="0.002"/>
  <testcase name="checkServerType" classname="com.api.testcase.TC001_Get_All_Employees" time="0.011"/>
  <testcase name="checkStatusCode" classname="com.api.testcase.TC001_Get_All_Employees" time="0.083"/>
  <testcase name="checkStatusLine" classname="com.api.testcase.TC001_Get_All_Employees" time="0.008"/>
  <testcase name="checkContentLength" classname="com.api.testcase.TC003_POST_Employee_Record" time="0.008"/>
  <testcase name="checkContentType" classname="com.api.testcase.TC003_POST_Employee_Record" time="0.008"/>
  <testcase name="checkResponseBody" classname="com.api.testcase.TC003_POST_Employee_Record" time="0.003"/>
  <testcase name="checkResponseTime" classname="com.api.testcase.TC003_POST_Employee_Record" time="0.003"/>
  <testcase name="checkServerType" classname="com.api.testcase.TC003_POST_Employee_Record" time="0.004"/>
  <testcase name="checkStatusCode" classname="com.api.testcase.TC003_POST_Employee_Record" time="0.004"/>
  <testcase name="checkStatusLine" classname="com.api.testcase.TC003_POST_Employee_Record" time="0.016"/>
  <testcase name="checkContentLength" classname="com.api.testcase.TC004_PUT_Employee_Record" time="0.008"/>
  <testcase name="checkContentType" classname="com.api.testcase.TC004_PUT_Employee_Record" time="0.008"/>
  <testcase name="checkResponseBody" classname="com.api.testcase.TC004_PUT_Employee_Record" time="0.004"/>
  <testcase name="checkResponseTime" classname="com.api.testcase.TC004_PUT_Employee_Record" time="0.004"/>
  <testcase name="checkServerType" classname="com.api.testcase.TC004_PUT_Employee_Record" time="0.003"/>
  <testcase name="checkStatusCode" classname="com.api.testcase.TC004_PUT_Employee_Record" time="0.003"/>
  <testcase name="checkStatusLine" classname="com.api.testcase.TC004_PUT_Employee_Record" time="0.003"/>
</testsuite>