<?xml version="1.0" encoding="UTF-8"?>
<testsuite xmlns:xsi="http://www.w3.org/2001/XMLSchema-instance" xsi:noNamespaceSchemaLocation="https://maven.apache.org/surefire/maven-surefire-plugin/xsd/surefire-test-report.xsd" name="TestSuite" time="19.946" tests="23" errors="0" skipped="0" failures="4">
  <properties>
[...]
</properties>
  <testcase name="checkContentEncoding" classname="com.api.testcase.TC001_Get_All_Employees" time="0.152"/>
  <testcase name="checkContentLength" classname="com.api.testcase.TC001_Get_All_Employees" time="0.055"/>
  <testcase name="checkContentType" classname="com.api.testcase.TC001_Get_All_Employees" time="0.018"/>
  <testcase name="checkCookies" classname="com.api.testcase.TC001_Get_All_Employees" time="0.006"/>
  <testcase name="checkResponseBody" classname="com.api.testcase.TC001_Get_All_Employees" time="0.274"/>
  <testcase name="checkResponseTime" classname="com.api.testcase.TC001_Get_All_Employees" time="0.035">
    <failure message="expected [true] but found [false]" type="java.lang.AssertionError">java.lang.AssertionError: expected [true] but found [false]
	at com.api.testcase.TC001_Get_All_Employees.checkResponseTime(TC001_Get_All_Employees.java:62)
</failure>
    <system-out><![CDATA[20-08-12 14:12:37:784  INFO main APIExecutionLog:55 - ***********  Checking Response Time  ***********
20-08-12 14:12:37:787  INFO main APIExecutionLog:58 - Response Time is===>2337
20-08-12 14:12:37:788  WARN main APIExecutionLog:60 - Response Time greater than 2000
]]></system-out>
  </testcase>
  <testcase name="checkServerType" classname="com.api.testcase.TC001_Get_All_Employees" time="0.045"/>
  <testcase name="checkStatusCode" classname="com.api.testcase.TC001_Get_All_Employees" time="0.012"/>
  <testcase name="checkStatusLine" classname="com.api.testcase.TC001_Get_All_Employees" time="0.009"/>
  <testcase name="checkContentLength" classname="com.api.testcase.TC003_POST_Employee_Record" time="0.017"/>
  <testcase name="checkContentType" classname="com.api.testcase.TC003_POST_Employee_Record" time="0.089">
    <failure message="expected [application/json;charset=utf-8] but found [application/json]" type="java.lang.AssertionError">java.lang.AssertionError: expected [application/json;charset=utf-8] but found [application/json]
	at com.api.testcase.TC003_POST_Employee_Record.checkContentType(TC003_POST_Employee_Record.java:89)
</failure>
    <system-out><![CDATA[20-08-12 14:12:46:308  INFO main APIExecutionLog:85 - ***********  Checking Content Encoding  ***********
20-08-12 14:12:46:308  INFO main APIExecutionLog:88 - Content Type is===>application/json
]]></system-out>
  </testcase>
  <testcase name="checkResponseBody" classname="com.api.testcase.TC003_POST_Employee_Record" time="0.015"/>
  <testcase name="checkResponseTime" classname="com.api.testcase.TC003_POST_Employee_Record" time="0.015">
    <failure message="expected [true] but found [false]" type="java.lang.AssertionError">java.lang.AssertionError: expected [true] but found [false]
	at com.api.testcase.TC003_POST_Employee_Record.checkResponseTime(TC003_POST_Employee_Record.java:71)
</failure>
    <system-out><![CDATA[20-08-12 14:12:46:312  INFO main APIExecutionLog:67 - ***********  Checking Response Time  ***********
20-08-12 14:12:46:312  INFO main APIExecutionLog:70 - Response Time is===>3440
]]></system-out>
  </testcase>
  <testcase name="checkServerType" classname="com.api.testcase.TC003_POST_Employee_Record" time="0.014"/>
  <testcase name="checkStatusCode" classname="com.api.testcase.TC003_POST_Employee_Record" time="0.011"/>
  <testcase name="checkStatusLine" classname="com.api.testcase.TC003_POST_Employee_Record" time="0.008"/>
  <testcase name="checkContentLength" classname="com.api.testcase.TC004_PUT_Employee_Record" time="0.058"/>
  <testcase name="checkContentType" classname="com.api.testcase.TC004_PUT_Employee_Record" time="0.036">
    <failure message="expected [application/json;charset=utf-8] but found [application/json]" type="java.lang.AssertionError">java.lang.AssertionError: expected [application/json;charset=utf-8] but found [application/json]
	at com.api.testcase.TC004_PUT_Employee_Record.checkContentType(TC004_PUT_Employee_Record.java:88)
</failure>
    <system-out><![CDATA[20-08-12 14:12:52:477  INFO main APIExecutionLog:84 - ***********  Checking Content Encoding  ***********
20-08-12 14:12:52:477  INFO main APIExecutionLog:87 - Content Type is===>application/json
]]></system-out>
  </testcase>
  <testcase name="checkResponseBody" classname="com.api.testcase.TC004_PUT_Employee_Record" time="0.012"/>
  <testcase name="checkResponseTime" classname="com.api.testcase.TC004_PUT_Employee_Record" time="0.052"/>
  <testcase name="checkServerType" classname="com.api.testcase.TC004_PUT_Employee_Record" time="0.022"/>
  <testcase name="checkStatusCode" classname="com.api.testcase.TC004_PUT_Employee_Record" time="0.018"/>
  <testcase name="checkStatusLine" classname="com.api.testcase.TC004_PUT_Employee_Record" time="0.049"/>
</testsuite>