<?xml version="1.0" encoding="UTF-8"?>
<testng-results skipped="0" failed="0" ignored="0" total="23" passed="23">
  <reporter-output>
  </reporter-output>
  <suite name="EmployeeRESTAPISuite" duration-ms="14966" started-at="2020-02-18T16:58:02Z" finished-at="2020-02-18T16:58:17Z">
    <groups>
    </groups>
    <test name="employeeRestAPITest" duration-ms="14966" started-at="2020-02-18T16:58:02Z" finished-at="2020-02-18T16:58:17Z">
      <class name="com.api.testcase.TC003_POST_Employee_Record">
        <test-method status="PASS" signature="setUp()[pri:0, instance:com.api.testcase.TC003_POST_Employee_Record@754ba872]" name="setUp" is-config="true" duration-ms="9" started-at="2020-02-18T16:58:05Z" finished-at="2020-02-18T16:58:05Z">
          <reporter-output>
          </reporter-output>
        </test-method> <!-- setUp -->
        <test-method status="PASS" signature="createEmployee()[pri:0, instance:com.api.testcase.TC003_POST_Employee_Record@754ba872]" name="createEmployee" is-config="true" duration-ms="6085" started-at="2020-02-18T16:58:05Z" finished-at="2020-02-18T16:58:11Z">
          <reporter-output>
          </reporter-output>
        </test-method> <!-- createEmployee -->
        <test-method status="PASS" signature="checkContentLength()[pri:0, instance:com.api.testcase.TC003_POST_Employee_Record@754ba872]" name="checkContentLength" duration-ms="8" started-at="2020-02-18T16:58:11Z" finished-at="2020-02-18T16:58:11Z">
          <reporter-output>
          </reporter-output>
        </test-method> <!-- checkContentLength -->
        <test-method status="PASS" signature="checkContentType()[pri:0, instance:com.api.testcase.TC003_POST_Employee_Record@754ba872]" name="checkContentType" duration-ms="8" started-at="2020-02-18T16:58:11Z" finished-at="2020-02-18T16:58:11Z">
          <reporter-output>
          </reporter-output>
        </test-method> <!-- checkContentType -->
        <test-method status="PASS" signature="checkResponseBody()[pri:0, instance:com.api.testcase.TC003_POST_Employee_Record@754ba872]" name="checkResponseBody" duration-ms="12" started-at="2020-02-18T16:58:11Z" finished-at="2020-02-18T16:58:11Z">
          <reporter-output>
          </reporter-output>
        </test-method> <!-- checkResponseBody -->
        <test-method status="PASS" signature="checkResponseTime()[pri:0, instance:com.api.testcase.TC003_POST_Employee_Record@754ba872]" name="checkResponseTime" duration-ms="7" started-at="2020-02-18T16:58:11Z" finished-at="2020-02-18T16:58:11Z">
          <reporter-output>
          </reporter-output>
        </test-method> <!-- checkResponseTime -->
        <test-method status="PASS" signature="checkServerType()[pri:0, instance:com.api.testcase.TC003_POST_Employee_Record@754ba872]" name="checkServerType" duration-ms="3" started-at="2020-02-18T16:58:11Z" finished-at="2020-02-18T16:58:11Z">
          <reporter-output>
          </reporter-output>
        </test-method> <!-- checkServerType -->
        <test-method status="PASS" signature="checkStatusCode()[pri:0, instance:com.api.testcase.TC003_POST_Employee_Record@754ba872]" name="checkStatusCode" duration-ms="6" started-at="2020-02-18T16:58:11Z" finished-at="2020-02-18T16:58:11Z">
          <reporter-output>
          </reporter-output>
        </test-method> <!-- checkStatusCode -->
        <test-method status="PASS" signature="checkStatusLine()[pri:0, instance:com.api.testcase.TC003_POST_Employee_Record@754ba872]" name="checkStatusLine" duration-ms="4" started-at="2020-02-18T16:58:11Z" finished-at="2020-02-18T16:58:11Z">
          <reporter-output>
          </reporter-output>
        </test-method> <!-- checkStatusLine -->
        <test-method status="PASS" signature="tearDown()[pri:0, instance:com.api.testcase.TC003_POST_Employee_Record@754ba872]" name="tearDown" is-config="true" duration-ms="1" started-at="2020-02-18T16:58:11Z" finished-at="2020-02-18T16:58:11Z">
          <reporter-output>
          </reporter-output>
        </test-method> <!-- tearDown -->
      </class> <!-- com.api.testcase.TC003_POST_Employee_Record -->
      <class name="com.api.testcase.TC004_PUT_Employee_Record">
        <test-method status="PASS" signature="setUp()[pri:0, instance:com.api.testcase.TC004_PUT_Employee_Record@146ba0ac]" name="setUp" is-config="true" duration-ms="2" started-at="2020-02-18T16:58:11Z" finished-at="2020-02-18T16:58:11Z">
          <reporter-output>
          </reporter-output>
        </test-method> <!-- setUp -->
        <test-method status="PASS" signature="createEmployee()[pri:0, instance:com.api.testcase.TC004_PUT_Employee_Record@146ba0ac]" name="createEmployee" is-config="true" duration-ms="5938" started-at="2020-02-18T16:58:11Z" finished-at="2020-02-18T16:58:17Z">
          <reporter-output>
          </reporter-output>
        </test-method> <!-- createEmployee -->
        <test-method status="PASS" signature="checkContentLength()[pri:0, instance:com.api.testcase.TC004_PUT_Employee_Record@146ba0ac]" name="checkContentLength" duration-ms="7" started-at="2020-02-18T16:58:17Z" finished-at="2020-02-18T16:58:17Z">
          <reporter-output>
          </reporter-output>
        </test-method> <!-- checkContentLength -->
        <test-method status="PASS" signature="checkContentType()[pri:0, instance:com.api.testcase.TC004_PUT_Employee_Record@146ba0ac]" name="checkContentType" duration-ms="13" started-at="2020-02-18T16:58:17Z" finished-at="2020-02-18T16:58:17Z">
          <reporter-output>
          </reporter-output>
        </test-method> <!-- checkContentType -->
        <test-method status="PASS" signature="checkResponseBody()[pri:0, instance:com.api.testcase.TC004_PUT_Employee_Record@146ba0ac]" name="checkResponseBody" duration-ms="4" started-at="2020-02-18T16:58:17Z" finished-at="2020-02-18T16:58:17Z">
          <reporter-output>
          </reporter-output>
        </test-method> <!-- checkResponseBody -->
        <test-method status="PASS" signature="checkResponseTime()[pri:0, instance:com.api.testcase.TC004_PUT_Employee_Record@146ba0ac]" name="checkResponseTime" duration-ms="2" started-at="2020-02-18T16:58:17Z" finished-at="2020-02-18T16:58:17Z">
          <reporter-output>
          </reporter-output>
        </test-method> <!-- checkResponseTime -->
        <test-method status="PASS" signature="checkServerType()[pri:0, instance:com.api.testcase.TC004_PUT_Employee_Record@146ba0ac]" name="checkServerType" duration-ms="2" started-at="2020-02-18T16:58:17Z" finished-at="2020-02-18T16:58:17Z">
          <reporter-output>
          </reporter-output>
        </test-method> <!-- checkServerType -->
        <test-method status="PASS" signature="checkStatusCode()[pri:0, instance:com.api.testcase.TC004_PUT_Employee_Record@146ba0ac]" name="checkStatusCode" duration-ms="2" started-at="2020-02-18T16:58:17Z" finished-at="2020-02-18T16:58:17Z">
          <reporter-output>
          </reporter-output>
        </test-method> <!-- checkStatusCode -->
        <test-method status="PASS" signature="checkStatusLine()[pri:0, instance:com.api.testcase.TC004_PUT_Employee_Record@146ba0ac]" name="checkStatusLine" duration-ms="2" started-at="2020-02-18T16:58:17Z" finished-at="2020-02-18T16:58:17Z">
          <reporter-output>
          </reporter-output>
        </test-method> <!-- checkStatusLine -->
        <test-method status="PASS" signature="tearDown()[pri:0, instance:com.api.testcase.TC004_PUT_Employee_Record@146ba0ac]" name="tearDown" is-config="true" duration-ms="2" started-at="2020-02-18T16:58:17Z" finished-at="2020-02-18T16:58:17Z">
          <reporter-output>
          </reporter-output>
        </test-method> <!-- tearDown -->
      </class> <!-- com.api.testcase.TC004_PUT_Employee_Record -->
      <class name="com.api.testcase.TC001_Get_All_Employees">
        <test-method status="PASS" signature="setUp()[pri:0, instance:com.api.testcase.TC001_Get_All_Employees@e25b2fe]" name="setUp" is-config="true" duration-ms="105" started-at="2020-02-18T16:58:02Z" finished-at="2020-02-18T16:58:02Z">
          <reporter-output>
          </reporter-output>
        </test-method> <!-- setUp -->
        <test-method status="PASS" signature="getAllEmployees()[pri:0, instance:com.api.testcase.TC001_Get_All_Employees@e25b2fe]" name="getAllEmployees" is-config="true" duration-ms="2575" started-at="2020-02-18T16:58:02Z" finished-at="2020-02-18T16:58:05Z">
          <reporter-output>
          </reporter-output>
        </test-method> <!-- getAllEmployees -->
        <test-method status="PASS" signature="checkContentEncoding()[pri:0, instance:com.api.testcase.TC001_Get_All_Employees@e25b2fe]" name="checkContentEncoding" duration-ms="9" started-at="2020-02-18T16:58:05Z" finished-at="2020-02-18T16:58:05Z">
          <reporter-output>
          </reporter-output>
        </test-method> <!-- checkContentEncoding -->
        <test-method status="PASS" signature="checkContentLength()[pri:0, instance:com.api.testcase.TC001_Get_All_Employees@e25b2fe]" name="checkContentLength" duration-ms="3" started-at="2020-02-18T16:58:05Z" finished-at="2020-02-18T16:58:05Z">
          <reporter-output>
          </reporter-output>
        </test-method> <!-- checkContentLength -->
        <test-method status="PASS" signature="checkContentType()[pri:0, instance:com.api.testcase.TC001_Get_All_Employees@e25b2fe]" name="checkContentType" duration-ms="3" started-at="2020-02-18T16:58:05Z" finished-at="2020-02-18T16:58:05Z">
          <reporter-output>
          </reporter-output>
        </test-method> <!-- checkContentType -->
        <test-method status="PASS" signature="checkCookies()[pri:0, instance:com.api.testcase.TC001_Get_All_Employees@e25b2fe]" name="checkCookies" duration-ms="3" started-at="2020-02-18T16:58:05Z" finished-at="2020-02-18T16:58:05Z">
          <reporter-output>
          </reporter-output>
        </test-method> <!-- checkCookies -->
        <test-method status="PASS" signature="checkResponseBody()[pri:0, instance:com.api.testcase.TC001_Get_All_Employees@e25b2fe]" name="checkResponseBody" duration-ms="26" started-at="2020-02-18T16:58:05Z" finished-at="2020-02-18T16:58:05Z">
          <reporter-output>
          </reporter-output>
        </test-method> <!-- checkResponseBody -->
        <test-method status="PASS" signature="checkResponseTime()[pri:0, instance:com.api.testcase.TC001_Get_All_Employees@e25b2fe]" name="checkResponseTime" duration-ms="3" started-at="2020-02-18T16:58:05Z" finished-at="2020-02-18T16:58:05Z">
          <reporter-output>
          </reporter-output>
        </test-method> <!-- checkResponseTime -->
        <test-method status="PASS" signature="checkServerType()[pri:0, instance:com.api.testcase.TC001_Get_All_Employees@e25b2fe]" name="checkServerType" duration-ms="7" started-at="2020-02-18T16:58:05Z" finished-at="2020-02-18T16:58:05Z">
          <reporter-output>
          </reporter-output>
        </test-method> <!-- checkServerType -->
        <test-method status="PASS" signature="checkStatusCode()[pri:0, instance:com.api.testcase.TC001_Get_All_Employees@e25b2fe]" name="checkStatusCode" duration-ms="3" started-at="2020-02-18T16:58:05Z" finished-at="2020-02-18T16:58:05Z">
          <reporter-output>
          </reporter-output>
        </test-method> <!-- checkStatusCode -->
        <test-method status="PASS" signature="checkStatusLine()[pri:0, instance:com.api.testcase.TC001_Get_All_Employees@e25b2fe]" name="checkStatusLine" duration-ms="5" started-at="2020-02-18T16:58:05Z" finished-at="2020-02-18T16:58:05Z">
          <reporter-output>
          </reporter-output>
        </test-method> <!-- checkStatusLine -->
        <test-method status="PASS" signature="tearDown()[pri:0, instance:com.api.testcase.TC001_Get_All_Employees@e25b2fe]" name="tearDown" is-config="true" duration-ms="0" started-at="2020-02-18T16:58:05Z" finished-at="2020-02-18T16:58:05Z">
          <reporter-output>
          </reporter-output>
        </test-method> <!-- tearDown -->
      </class> <!-- com.api.testcase.TC001_Get_All_Employees -->
    </test> <!-- employeeRestAPITest -->
  </suite> <!-- EmployeeRESTAPISuite -->
</testng-results>
