<?xml version="1.0" encoding="UTF-8"?>
<!-- Generated by org.testng.reporters.JUnitXMLReporter -->
<testsuite hostname="ZIVLPT243" ignored="0" name="employeeRestAPITest" tests="23" failures="0" timestamp="18 Feb 2020 17:33:11 GMT" time="14.589" errors="0">
  <testcase name="checkContentEncoding" time="0.006" classname="com.api.testcase.TC001_Get_All_Employees"/>
  <testcase name="checkContentLength" time="0.002" classname="com.api.testcase.TC001_Get_All_Employees"/>
  <testcase name="checkContentType" time="0.002" classname="com.api.testcase.TC001_Get_All_Employees"/>
  <testcase name="checkCookies" time="0.002" classname="com.api.testcase.TC001_Get_All_Employees"/>
  <testcase name="checkResponseBody" time="0.148" classname="com.api.testcase.TC001_Get_All_Employees"/>
  <testcase name="checkResponseTime" time="0.002" classname="com.api.testcase.TC001_Get_All_Employees"/>
  <testcase name="checkServerType" time="0.002" classname="com.api.testcase.TC001_Get_All_Employees"/>
  <testcase name="checkStatusCode" time="0.001" classname="com.api.testcase.TC001_Get_All_Employees"/>
  <testcase name="checkStatusLine" time="0.002" classname="com.api.testcase.TC001_Get_All_Employees"/>
  <testcase name="checkContentLength" time="0.005" classname="com.api.testcase.TC003_POST_Employee_Record"/>
  <testcase name="checkContentType" time="0.005" classname="com.api.testcase.TC003_POST_Employee_Record"/>
  <testcase name="checkResponseBody" time="0.001" classname="com.api.testcase.TC003_POST_Employee_Record"/>
  <testcase name="checkResponseTime" time="0.002" classname="com.api.testcase.TC003_POST_Employee_Record"/>
  <testcase name="checkServerType" time="0.004" classname="com.api.testcase.TC003_POST_Employee_Record"/>
  <testcase name="checkStatusCode" time="0.003" classname="com.api.testcase.TC003_POST_Employee_Record"/>
  <testcase name="checkStatusLine" time="0.017" classname="com.api.testcase.TC003_POST_Employee_Record"/>
  <testcase name="checkContentLength" time="0.005" classname="com.api.testcase.TC004_PUT_Employee_Record"/>
  <testcase name="checkContentType" time="0.006" classname="com.api.testcase.TC004_PUT_Employee_Record"/>
  <testcase name="checkResponseBody" time="0.004" classname="com.api.testcase.TC004_PUT_Employee_Record"/>
  <testcase name="checkResponseTime" time="0.003" classname="com.api.testcase.TC004_PUT_Employee_Record"/>
  <testcase name="checkServerType" time="0.002" classname="com.api.testcase.TC004_PUT_Employee_Record"/>
  <testcase name="checkStatusCode" time="0.002" classname="com.api.testcase.TC004_PUT_Employee_Record"/>
  <testcase name="checkStatusLine" time="0.002" classname="com.api.testcase.TC004_PUT_Employee_Record"/>
</testsuite> <!-- employeeRestAPITest -->
