<?xml version="1.0" encoding="UTF-8"?>
<!-- Generated by org.testng.reporters.JUnitXMLReporter -->
<testsuite hostname="ZIVLPT243" ignored="0" name="employeeRestAPITest" tests="23" failures="4" timestamp="12 Aug 2020 08:42:52 GMT" time="18.773" errors="0">
  <testcase name="checkContentEncoding" time="0.006" classname="com.api.testcase.TC001_Get_All_Employees"/>
  <testcase name="checkContentLength" time="0.01" classname="com.api.testcase.TC001_Get_All_Employees"/>
  <testcase name="checkContentType" time="0.001" classname="com.api.testcase.TC001_Get_All_Employees"/>
  <testcase name="checkCookies" time="0.001" classname="com.api.testcase.TC001_Get_All_Employees"/>
  <testcase name="checkResponseBody" time="0.06" classname="com.api.testcase.TC001_Get_All_Employees"/>
  <testcase name="checkResponseTime" time="0.005" classname="com.api.testcase.TC001_Get_All_Employees">
    <failure type="java.lang.AssertionError" message="expected [true] but found [false]">
      <![CDATA[java.lang.AssertionError: expected [true] but found [false]
at com.api.testcase.TC001_Get_All_Employees.checkResponseTime(TC001_Get_All_Employees.java:62)
... Removed 33 stack frames]]>
    </failure>
  </testcase> <!-- checkResponseTime -->
  <testcase name="checkServerType" time="0.006" classname="com.api.testcase.TC001_Get_All_Employees"/>
  <testcase name="checkStatusCode" time="0.003" classname="com.api.testcase.TC001_Get_All_Employees"/>
  <testcase name="checkStatusLine" time="0.001" classname="com.api.testcase.TC001_Get_All_Employees"/>
  <testcase name="checkContentLength" time="0.001" classname="com.api.testcase.TC003_POST_Employee_Record"/>
  <testcase name="checkContentType" time="0.001" classname="com.api.testcase.TC003_POST_Employee_Record">
    <failure type="java.lang.AssertionError" message="expected [application/json;charset=utf-8] but found [application/json]">
      <![CDATA[java.lang.AssertionError: expected [application/json;charset=utf-8] but found [application/json]
at com.api.testcase.TC003_POST_Employee_Record.checkContentType(TC003_POST_Employee_Record.java:89)
... Removed 35 stack frames]]>
    </failure>
  </testcase> <!-- checkContentType -->
  <testcase name="checkResponseBody" time="0.001" classname="com.api.testcase.TC003_POST_Employee_Record"/>
  <testcase name="checkResponseTime" time="0.001" classname="com.api.testcase.TC003_POST_Employee_Record">
    <failure type="java.lang.AssertionError" message="expected [true] but found [false]">
      <![CDATA[java.lang.AssertionError: expected [true] but found [false]
at com.api.testcase.TC003_POST_Employee_Record.checkResponseTime(TC003_POST_Employee_Record.java:71)
... Removed 33 stack frames]]>
    </failure>
  </testcase> <!-- checkResponseTime -->
  <testcase name="checkServerType" time="0.002" classname="com.api.testcase.TC003_POST_Employee_Record"/>
  <testcase name="checkStatusCode" time="0.001" classname="com.api.testcase.TC003_POST_Employee_Record"/>
  <testcase name="checkStatusLine" time="0.001" classname="com.api.testcase.TC003_POST_Employee_Record"/>
  <testcase name="checkContentLength" time="0.001" classname="com.api.testcase.TC004_PUT_Employee_Record"/>
  <testcase name="checkContentType" time="0.001" classname="com.api.testcase.TC004_PUT_Employee_Record">
    <failure type="java.lang.AssertionError" message="expected [application/json;charset=utf-8] but found [application/json]">
      <![CDATA[java.lang.AssertionError: expected [application/json;charset=utf-8] but found [application/json]
at com.api.testcase.TC004_PUT_Employee_Record.checkContentType(TC004_PUT_Employee_Record.java:88)
... Removed 35 stack frames]]>
    </failure>
  </testcase> <!-- checkContentType -->
  <testcase name="checkResponseBody" time="0.001" classname="com.api.testcase.TC004_PUT_Employee_Record"/>
  <testcase name="checkResponseTime" time="0.004" classname="com.api.testcase.TC004_PUT_Employee_Record"/>
  <testcase name="checkServerType" time="0.001" classname="com.api.testcase.TC004_PUT_Employee_Record"/>
  <testcase name="checkStatusCode" time="0.001" classname="com.api.testcase.TC004_PUT_Employee_Record"/>
  <testcase name="checkStatusLine" time="0.001" classname="com.api.testcase.TC004_PUT_Employee_Record"/>
</testsuite> <!-- employeeRestAPITest -->
